Determining if the include file in6addr.h exists failed with the following output:
Change Dir: /home/botho/git/libwebsockets/build/CMakeFiles/CMakeTmp

Run Build Command:/usr/bin/make "cmTryCompileExec1114658798/fast"
/usr/bin/make -f CMakeFiles/cmTryCompileExec1114658798.dir/build.make CMakeFiles/cmTryCompileExec1114658798.dir/build
make[1]: Entering directory `/home/botho/git/libwebsockets/build/CMakeFiles/CMakeTmp'
/usr/bin/cmake -E cmake_progress_report /home/botho/git/libwebsockets/build/CMakeFiles/CMakeTmp/CMakeFiles 1
Building C object CMakeFiles/cmTryCompileExec1114658798.dir/CheckIncludeFile.c.o
/usr/bin/gcc  -DKEYWORD=__inline  -o CMakeFiles/cmTryCompileExec1114658798.dir/CheckIncludeFile.c.o   -c /home/botho/git/libwebsockets/build/CMakeFiles/CMakeTmp/CheckIncludeFile.c
/home/botho/git/libwebsockets/build/CMakeFiles/CMakeTmp/CheckIncludeFile.c:1:21: fatal error: in6addr.h: Datei oder Verzeichnis nicht gefunden
compilation terminated.
make[1]: *** [CMakeFiles/cmTryCompileExec1114658798.dir/CheckIncludeFile.c.o] Fehler 1
make[1]: Leaving directory `/home/botho/git/libwebsockets/build/CMakeFiles/CMakeTmp'
make: *** [cmTryCompileExec1114658798/fast] Fehler 2


Determining if the include file vfork.h exists failed with the following output:
Change Dir: /home/botho/git/libwebsockets/build/CMakeFiles/CMakeTmp

Run Build Command:/usr/bin/make "cmTryCompileExec2741758047/fast"
/usr/bin/make -f CMakeFiles/cmTryCompileExec2741758047.dir/build.make CMakeFiles/cmTryCompileExec2741758047.dir/build
make[1]: Entering directory `/home/botho/git/libwebsockets/build/CMakeFiles/CMakeTmp'
/usr/bin/cmake -E cmake_progress_report /home/botho/git/libwebsockets/build/CMakeFiles/CMakeTmp/CMakeFiles 1
Building C object CMakeFiles/cmTryCompileExec2741758047.dir/CheckIncludeFile.c.o
/usr/bin/gcc  -DKEYWORD=__inline  -o CMakeFiles/cmTryCompileExec2741758047.dir/CheckIncludeFile.c.o   -c /home/botho/git/libwebsockets/build/CMakeFiles/CMakeTmp/CheckIncludeFile.c
/home/botho/git/libwebsockets/build/CMakeFiles/CMakeTmp/CheckIncludeFile.c:1:19: fatal error: vfork.h: Datei oder Verzeichnis nicht gefunden
compilation terminated.
make[1]: *** [CMakeFiles/cmTryCompileExec2741758047.dir/CheckIncludeFile.c.o] Fehler 1
make[1]: Leaving directory `/home/botho/git/libwebsockets/build/CMakeFiles/CMakeTmp'
make: *** [cmTryCompileExec2741758047/fast] Fehler 2


