The system is: Linux - 4.0.1 - x86_64
Compiling the C compiler identification source file "CMakeCCompilerId.c" succeeded.
Compiler: /usr/bin/gcc 
Build flags: 
Id flags: 

The output was:
0


Compilation of the C compiler identification source "CMakeCCompilerId.c" produced "a.out"

The C compiler identification is GNU, found in "/home/botho/git/libwebsockets/build/CMakeFiles/CompilerIdC/a.out"

Determining if the C compiler works passed with the following output:
Change Dir: /home/botho/git/libwebsockets/build/CMakeFiles/CMakeTmp

Run Build Command:/usr/bin/make "cmTryCompileExec2976576358/fast"
/usr/bin/make -f CMakeFiles/cmTryCompileExec2976576358.dir/build.make CMakeFiles/cmTryCompileExec2976576358.dir/build
make[1]: Entering directory `/home/botho/git/libwebsockets/build/CMakeFiles/CMakeTmp'
/usr/bin/cmake -E cmake_progress_report /home/botho/git/libwebsockets/build/CMakeFiles/CMakeTmp/CMakeFiles 1
Building C object CMakeFiles/cmTryCompileExec2976576358.dir/testCCompiler.c.o
/usr/bin/gcc    -o CMakeFiles/cmTryCompileExec2976576358.dir/testCCompiler.c.o   -c /home/botho/git/libwebsockets/build/CMakeFiles/CMakeTmp/testCCompiler.c
Linking C executable cmTryCompileExec2976576358
/usr/bin/cmake -E cmake_link_script CMakeFiles/cmTryCompileExec2976576358.dir/link.txt --verbose=1
/usr/bin/gcc         CMakeFiles/cmTryCompileExec2976576358.dir/testCCompiler.c.o  -o cmTryCompileExec2976576358 -rdynamic 
make[1]: Leaving directory `/home/botho/git/libwebsockets/build/CMakeFiles/CMakeTmp'


Detecting C compiler ABI info compiled with the following output:
Change Dir: /home/botho/git/libwebsockets/build/CMakeFiles/CMakeTmp

Run Build Command:/usr/bin/make "cmTryCompileExec3537803972/fast"
/usr/bin/make -f CMakeFiles/cmTryCompileExec3537803972.dir/build.make CMakeFiles/cmTryCompileExec3537803972.dir/build
make[1]: Entering directory `/home/botho/git/libwebsockets/build/CMakeFiles/CMakeTmp'
/usr/bin/cmake -E cmake_progress_report /home/botho/git/libwebsockets/build/CMakeFiles/CMakeTmp/CMakeFiles 1
Building C object CMakeFiles/cmTryCompileExec3537803972.dir/CMakeCCompilerABI.c.o
/usr/bin/gcc    -o CMakeFiles/cmTryCompileExec3537803972.dir/CMakeCCompilerABI.c.o   -c /usr/share/cmake-2.8/Modules/CMakeCCompilerABI.c
Linking C executable cmTryCompileExec3537803972
/usr/bin/cmake -E cmake_link_script CMakeFiles/cmTryCompileExec3537803972.dir/link.txt --verbose=1
/usr/bin/gcc       -v CMakeFiles/cmTryCompileExec3537803972.dir/CMakeCCompilerABI.c.o  -o cmTryCompileExec3537803972 -rdynamic  
Using built-in specs.
COLLECT_GCC=/usr/bin/gcc
COLLECT_LTO_WRAPPER=/usr/lib/gcc/x86_64-linux-gnu/4.7/lto-wrapper
Target: x86_64-linux-gnu
Configured with: ../src/configure -v --with-pkgversion='Debian 4.7.2-5' --with-bugurl=file:///usr/share/doc/gcc-4.7/README.Bugs --enable-languages=c,c++,go,fortran,objc,obj-c++ --prefix=/usr --program-suffix=-4.7 --enable-shared --enable-linker-build-id --with-system-zlib --libexecdir=/usr/lib --without-included-gettext --enable-threads=posix --with-gxx-include-dir=/usr/include/c++/4.7 --libdir=/usr/lib --enable-nls --with-sysroot=/ --enable-clocale=gnu --enable-libstdcxx-debug --enable-libstdcxx-time=yes --enable-gnu-unique-object --enable-plugin --enable-objc-gc --with-arch-32=i586 --with-tune=generic --enable-checking=release --build=x86_64-linux-gnu --host=x86_64-linux-gnu --target=x86_64-linux-gnu
Thread model: posix
gcc version 4.7.2 (Debian 4.7.2-5) 
COMPILER_PATH=/usr/lib/gcc/x86_64-linux-gnu/4.7/:/usr/lib/gcc/x86_64-linux-gnu/4.7/:/usr/lib/gcc/x86_64-linux-gnu/:/usr/lib/gcc/x86_64-linux-gnu/4.7/:/usr/lib/gcc/x86_64-linux-gnu/
LIBRARY_PATH=/usr/lib/gcc/x86_64-linux-gnu/4.7/:/usr/lib/gcc/x86_64-linux-gnu/4.7/../../../x86_64-linux-gnu/:/usr/lib/gcc/x86_64-linux-gnu/4.7/../../../../lib/:/lib/x86_64-linux-gnu/:/lib/../lib/:/usr/lib/x86_64-linux-gnu/:/usr/lib/../lib/:/usr/lib/gcc/x86_64-linux-gnu/4.7/../../../:/lib/:/usr/lib/
COLLECT_GCC_OPTIONS='-v' '-o' 'cmTryCompileExec3537803972' '-rdynamic' '-mtune=generic' '-march=x86-64'
 /usr/lib/gcc/x86_64-linux-gnu/4.7/collect2 --sysroot=/ --build-id --no-add-needed --eh-frame-hdr -m elf_x86_64 --hash-style=both -export-dynamic -dynamic-linker /lib64/ld-linux-x86-64.so.2 -o cmTryCompileExec3537803972 /usr/lib/gcc/x86_64-linux-gnu/4.7/../../../x86_64-linux-gnu/crt1.o /usr/lib/gcc/x86_64-linux-gnu/4.7/../../../x86_64-linux-gnu/crti.o /usr/lib/gcc/x86_64-linux-gnu/4.7/crtbegin.o -L/usr/lib/gcc/x86_64-linux-gnu/4.7 -L/usr/lib/gcc/x86_64-linux-gnu/4.7/../../../x86_64-linux-gnu -L/usr/lib/gcc/x86_64-linux-gnu/4.7/../../../../lib -L/lib/x86_64-linux-gnu -L/lib/../lib -L/usr/lib/x86_64-linux-gnu -L/usr/lib/../lib -L/usr/lib/gcc/x86_64-linux-gnu/4.7/../../.. CMakeFiles/cmTryCompileExec3537803972.dir/CMakeCCompilerABI.c.o -lgcc --as-needed -lgcc_s --no-as-needed -lc -lgcc --as-needed -lgcc_s --no-as-needed /usr/lib/gcc/x86_64-linux-gnu/4.7/crtend.o /usr/lib/gcc/x86_64-linux-gnu/4.7/../../../x86_64-linux-gnu/crtn.o
make[1]: Leaving directory `/home/botho/git/libwebsockets/build/CMakeFiles/CMakeTmp'


Parsed C implicit link information from above output:
  link line regex: [^( *|.*[/\])(ld|ld|collect2)[^/\]*( |$)]
  ignore line: [Change Dir: /home/botho/git/libwebsockets/build/CMakeFiles/CMakeTmp]
  ignore line: []
  ignore line: [Run Build Command:/usr/bin/make "cmTryCompileExec3537803972/fast"]
  ignore line: [/usr/bin/make -f CMakeFiles/cmTryCompileExec3537803972.dir/build.make CMakeFiles/cmTryCompileExec3537803972.dir/build]
  ignore line: [make[1]: Entering directory `/home/botho/git/libwebsockets/build/CMakeFiles/CMakeTmp']
  ignore line: [/usr/bin/cmake -E cmake_progress_report /home/botho/git/libwebsockets/build/CMakeFiles/CMakeTmp/CMakeFiles 1]
  ignore line: [Building C object CMakeFiles/cmTryCompileExec3537803972.dir/CMakeCCompilerABI.c.o]
  ignore line: [/usr/bin/gcc    -o CMakeFiles/cmTryCompileExec3537803972.dir/CMakeCCompilerABI.c.o   -c /usr/share/cmake-2.8/Modules/CMakeCCompilerABI.c]
  ignore line: [Linking C executable cmTryCompileExec3537803972]
  ignore line: [/usr/bin/cmake -E cmake_link_script CMakeFiles/cmTryCompileExec3537803972.dir/link.txt --verbose=1]
  ignore line: [/usr/bin/gcc       -v CMakeFiles/cmTryCompileExec3537803972.dir/CMakeCCompilerABI.c.o  -o cmTryCompileExec3537803972 -rdynamic  ]
  ignore line: [Using built-in specs.]
  ignore line: [COLLECT_GCC=/usr/bin/gcc]
  ignore line: [COLLECT_LTO_WRAPPER=/usr/lib/gcc/x86_64-linux-gnu/4.7/lto-wrapper]
  ignore line: [Target: x86_64-linux-gnu]
  ignore line: [Configured with: ../src/configure -v --with-pkgversion='Debian 4.7.2-5' --with-bugurl=file:///usr/share/doc/gcc-4.7/README.Bugs --enable-languages=c,c++,go,fortran,objc,obj-c++ --prefix=/usr --program-suffix=-4.7 --enable-shared --enable-linker-build-id --with-system-zlib --libexecdir=/usr/lib --without-included-gettext --enable-threads=posix --with-gxx-include-dir=/usr/include/c++/4.7 --libdir=/usr/lib --enable-nls --with-sysroot=/ --enable-clocale=gnu --enable-libstdcxx-debug --enable-libstdcxx-time=yes --enable-gnu-unique-object --enable-plugin --enable-objc-gc --with-arch-32=i586 --with-tune=generic --enable-checking=release --build=x86_64-linux-gnu --host=x86_64-linux-gnu --target=x86_64-linux-gnu]
  ignore line: [Thread model: posix]
  ignore line: [gcc version 4.7.2 (Debian 4.7.2-5) ]
  ignore line: [COMPILER_PATH=/usr/lib/gcc/x86_64-linux-gnu/4.7/:/usr/lib/gcc/x86_64-linux-gnu/4.7/:/usr/lib/gcc/x86_64-linux-gnu/:/usr/lib/gcc/x86_64-linux-gnu/4.7/:/usr/lib/gcc/x86_64-linux-gnu/]
  ignore line: [LIBRARY_PATH=/usr/lib/gcc/x86_64-linux-gnu/4.7/:/usr/lib/gcc/x86_64-linux-gnu/4.7/../../../x86_64-linux-gnu/:/usr/lib/gcc/x86_64-linux-gnu/4.7/../../../../lib/:/lib/x86_64-linux-gnu/:/lib/../lib/:/usr/lib/x86_64-linux-gnu/:/usr/lib/../lib/:/usr/lib/gcc/x86_64-linux-gnu/4.7/../../../:/lib/:/usr/lib/]
  ignore line: [COLLECT_GCC_OPTIONS='-v' '-o' 'cmTryCompileExec3537803972' '-rdynamic' '-mtune=generic' '-march=x86-64']
  link line: [ /usr/lib/gcc/x86_64-linux-gnu/4.7/collect2 --sysroot=/ --build-id --no-add-needed --eh-frame-hdr -m elf_x86_64 --hash-style=both -export-dynamic -dynamic-linker /lib64/ld-linux-x86-64.so.2 -o cmTryCompileExec3537803972 /usr/lib/gcc/x86_64-linux-gnu/4.7/../../../x86_64-linux-gnu/crt1.o /usr/lib/gcc/x86_64-linux-gnu/4.7/../../../x86_64-linux-gnu/crti.o /usr/lib/gcc/x86_64-linux-gnu/4.7/crtbegin.o -L/usr/lib/gcc/x86_64-linux-gnu/4.7 -L/usr/lib/gcc/x86_64-linux-gnu/4.7/../../../x86_64-linux-gnu -L/usr/lib/gcc/x86_64-linux-gnu/4.7/../../../../lib -L/lib/x86_64-linux-gnu -L/lib/../lib -L/usr/lib/x86_64-linux-gnu -L/usr/lib/../lib -L/usr/lib/gcc/x86_64-linux-gnu/4.7/../../.. CMakeFiles/cmTryCompileExec3537803972.dir/CMakeCCompilerABI.c.o -lgcc --as-needed -lgcc_s --no-as-needed -lc -lgcc --as-needed -lgcc_s --no-as-needed /usr/lib/gcc/x86_64-linux-gnu/4.7/crtend.o /usr/lib/gcc/x86_64-linux-gnu/4.7/../../../x86_64-linux-gnu/crtn.o]
    arg [/usr/lib/gcc/x86_64-linux-gnu/4.7/collect2] ==> ignore
    arg [--sysroot=/] ==> ignore
    arg [--build-id] ==> ignore
    arg [--no-add-needed] ==> ignore
    arg [--eh-frame-hdr] ==> ignore
    arg [-m] ==> ignore
    arg [elf_x86_64] ==> ignore
    arg [--hash-style=both] ==> ignore
    arg [-export-dynamic] ==> ignore
    arg [-dynamic-linker] ==> ignore
    arg [/lib64/ld-linux-x86-64.so.2] ==> ignore
    arg [-o] ==> ignore
    arg [cmTryCompileExec3537803972] ==> ignore
    arg [/usr/lib/gcc/x86_64-linux-gnu/4.7/../../../x86_64-linux-gnu/crt1.o] ==> ignore
    arg [/usr/lib/gcc/x86_64-linux-gnu/4.7/../../../x86_64-linux-gnu/crti.o] ==> ignore
    arg [/usr/lib/gcc/x86_64-linux-gnu/4.7/crtbegin.o] ==> ignore
    arg [-L/usr/lib/gcc/x86_64-linux-gnu/4.7] ==> dir [/usr/lib/gcc/x86_64-linux-gnu/4.7]
    arg [-L/usr/lib/gcc/x86_64-linux-gnu/4.7/../../../x86_64-linux-gnu] ==> dir [/usr/lib/gcc/x86_64-linux-gnu/4.7/../../../x86_64-linux-gnu]
    arg [-L/usr/lib/gcc/x86_64-linux-gnu/4.7/../../../../lib] ==> dir [/usr/lib/gcc/x86_64-linux-gnu/4.7/../../../../lib]
    arg [-L/lib/x86_64-linux-gnu] ==> dir [/lib/x86_64-linux-gnu]
    arg [-L/lib/../lib] ==> dir [/lib/../lib]
    arg [-L/usr/lib/x86_64-linux-gnu] ==> dir [/usr/lib/x86_64-linux-gnu]
    arg [-L/usr/lib/../lib] ==> dir [/usr/lib/../lib]
    arg [-L/usr/lib/gcc/x86_64-linux-gnu/4.7/../../..] ==> dir [/usr/lib/gcc/x86_64-linux-gnu/4.7/../../..]
    arg [CMakeFiles/cmTryCompileExec3537803972.dir/CMakeCCompilerABI.c.o] ==> ignore
    arg [-lgcc] ==> lib [gcc]
    arg [--as-needed] ==> ignore
    arg [-lgcc_s] ==> lib [gcc_s]
    arg [--no-as-needed] ==> ignore
    arg [-lc] ==> lib [c]
    arg [-lgcc] ==> lib [gcc]
    arg [--as-needed] ==> ignore
    arg [-lgcc_s] ==> lib [gcc_s]
    arg [--no-as-needed] ==> ignore
    arg [/usr/lib/gcc/x86_64-linux-gnu/4.7/crtend.o] ==> ignore
    arg [/usr/lib/gcc/x86_64-linux-gnu/4.7/../../../x86_64-linux-gnu/crtn.o] ==> ignore
  remove lib [gcc]
  remove lib [gcc_s]
  remove lib [gcc]
  remove lib [gcc_s]
  collapse dir [/usr/lib/gcc/x86_64-linux-gnu/4.7] ==> [/usr/lib/gcc/x86_64-linux-gnu/4.7]
  collapse dir [/usr/lib/gcc/x86_64-linux-gnu/4.7/../../../x86_64-linux-gnu] ==> [/usr/lib/x86_64-linux-gnu]
  collapse dir [/usr/lib/gcc/x86_64-linux-gnu/4.7/../../../../lib] ==> [/usr/lib]
  collapse dir [/lib/x86_64-linux-gnu] ==> [/lib/x86_64-linux-gnu]
  collapse dir [/lib/../lib] ==> [/lib]
  collapse dir [/usr/lib/x86_64-linux-gnu] ==> [/usr/lib/x86_64-linux-gnu]
  collapse dir [/usr/lib/../lib] ==> [/usr/lib]
  collapse dir [/usr/lib/gcc/x86_64-linux-gnu/4.7/../../..] ==> [/usr/lib]
  implicit libs: [c]
  implicit dirs: [/usr/lib/gcc/x86_64-linux-gnu/4.7;/usr/lib/x86_64-linux-gnu;/usr/lib;/lib/x86_64-linux-gnu;/lib]


Performing C SOURCE FILE Test HAVE_inline succeded with the following output:
Change Dir: /home/botho/git/libwebsockets/build/CMakeFiles/CMakeTmp

Run Build Command:/usr/bin/make "cmTryCompileExec1337999983/fast"
/usr/bin/make -f CMakeFiles/cmTryCompileExec1337999983.dir/build.make CMakeFiles/cmTryCompileExec1337999983.dir/build
make[1]: Entering directory `/home/botho/git/libwebsockets/build/CMakeFiles/CMakeTmp'
/usr/bin/cmake -E cmake_progress_report /home/botho/git/libwebsockets/build/CMakeFiles/CMakeTmp/CMakeFiles 1
Building C object CMakeFiles/cmTryCompileExec1337999983.dir/src.c.o
/usr/bin/gcc  -DKEYWORD=inline -DHAVE_inline   -o CMakeFiles/cmTryCompileExec1337999983.dir/src.c.o   -c /home/botho/git/libwebsockets/build/CMakeFiles/CMakeTmp/src.c
Linking C executable cmTryCompileExec1337999983
/usr/bin/cmake -E cmake_link_script CMakeFiles/cmTryCompileExec1337999983.dir/link.txt --verbose=1
/usr/bin/gcc     -DHAVE_inline    CMakeFiles/cmTryCompileExec1337999983.dir/src.c.o  -o cmTryCompileExec1337999983 -rdynamic 
make[1]: Leaving directory `/home/botho/git/libwebsockets/build/CMakeFiles/CMakeTmp'

Source file was:

		#include <stdio.h>
		static KEYWORD void a() {}
		int main(int argc, char **argv) { a(); return 0; }
		
Performing C SOURCE FILE Test HAVE___inline__ succeded with the following output:
Change Dir: /home/botho/git/libwebsockets/build/CMakeFiles/CMakeTmp

Run Build Command:/usr/bin/make "cmTryCompileExec2495346417/fast"
/usr/bin/make -f CMakeFiles/cmTryCompileExec2495346417.dir/build.make CMakeFiles/cmTryCompileExec2495346417.dir/build
make[1]: Entering directory `/home/botho/git/libwebsockets/build/CMakeFiles/CMakeTmp'
/usr/bin/cmake -E cmake_progress_report /home/botho/git/libwebsockets/build/CMakeFiles/CMakeTmp/CMakeFiles 1
Building C object CMakeFiles/cmTryCompileExec2495346417.dir/src.c.o
/usr/bin/gcc  -DKEYWORD=__inline__ -DHAVE___inline__   -o CMakeFiles/cmTryCompileExec2495346417.dir/src.c.o   -c /home/botho/git/libwebsockets/build/CMakeFiles/CMakeTmp/src.c
Linking C executable cmTryCompileExec2495346417
/usr/bin/cmake -E cmake_link_script CMakeFiles/cmTryCompileExec2495346417.dir/link.txt --verbose=1
/usr/bin/gcc     -DHAVE___inline__    CMakeFiles/cmTryCompileExec2495346417.dir/src.c.o  -o cmTryCompileExec2495346417 -rdynamic 
make[1]: Leaving directory `/home/botho/git/libwebsockets/build/CMakeFiles/CMakeTmp'

Source file was:

		#include <stdio.h>
		static KEYWORD void a() {}
		int main(int argc, char **argv) { a(); return 0; }
		
Performing C SOURCE FILE Test HAVE___inline succeded with the following output:
Change Dir: /home/botho/git/libwebsockets/build/CMakeFiles/CMakeTmp

Run Build Command:/usr/bin/make "cmTryCompileExec177941175/fast"
/usr/bin/make -f CMakeFiles/cmTryCompileExec177941175.dir/build.make CMakeFiles/cmTryCompileExec177941175.dir/build
make[1]: Entering directory `/home/botho/git/libwebsockets/build/CMakeFiles/CMakeTmp'
/usr/bin/cmake -E cmake_progress_report /home/botho/git/libwebsockets/build/CMakeFiles/CMakeTmp/CMakeFiles 1
Building C object CMakeFiles/cmTryCompileExec177941175.dir/src.c.o
/usr/bin/gcc  -DKEYWORD=__inline -DHAVE___inline   -o CMakeFiles/cmTryCompileExec177941175.dir/src.c.o   -c /home/botho/git/libwebsockets/build/CMakeFiles/CMakeTmp/src.c
Linking C executable cmTryCompileExec177941175
/usr/bin/cmake -E cmake_link_script CMakeFiles/cmTryCompileExec177941175.dir/link.txt --verbose=1
/usr/bin/gcc     -DHAVE___inline    CMakeFiles/cmTryCompileExec177941175.dir/src.c.o  -o cmTryCompileExec177941175 -rdynamic 
make[1]: Leaving directory `/home/botho/git/libwebsockets/build/CMakeFiles/CMakeTmp'

Source file was:

		#include <stdio.h>
		static KEYWORD void a() {}
		int main(int argc, char **argv) { a(); return 0; }
		
Determining if the function bzero exists passed with the following output:
Change Dir: /home/botho/git/libwebsockets/build/CMakeFiles/CMakeTmp

Run Build Command:/usr/bin/make "cmTryCompileExec2296642978/fast"
/usr/bin/make -f CMakeFiles/cmTryCompileExec2296642978.dir/build.make CMakeFiles/cmTryCompileExec2296642978.dir/build
make[1]: Entering directory `/home/botho/git/libwebsockets/build/CMakeFiles/CMakeTmp'
/usr/bin/cmake -E cmake_progress_report /home/botho/git/libwebsockets/build/CMakeFiles/CMakeTmp/CMakeFiles 1
Building C object CMakeFiles/cmTryCompileExec2296642978.dir/CheckFunctionExists.c.o
/usr/bin/gcc  -DKEYWORD=__inline -DCHECK_FUNCTION_EXISTS=bzero   -o CMakeFiles/cmTryCompileExec2296642978.dir/CheckFunctionExists.c.o   -c /usr/share/cmake-2.8/Modules/CheckFunctionExists.c
/usr/share/cmake-2.8/Modules/CheckFunctionExists.c:3:6: warning: conflicting types for built-in function ‘bzero’ [enabled by default]
Linking C executable cmTryCompileExec2296642978
/usr/bin/cmake -E cmake_link_script CMakeFiles/cmTryCompileExec2296642978.dir/link.txt --verbose=1
/usr/bin/gcc     -DCHECK_FUNCTION_EXISTS=bzero    CMakeFiles/cmTryCompileExec2296642978.dir/CheckFunctionExists.c.o  -o cmTryCompileExec2296642978 -rdynamic 
make[1]: Leaving directory `/home/botho/git/libwebsockets/build/CMakeFiles/CMakeTmp'


Determining if the function fork exists passed with the following output:
Change Dir: /home/botho/git/libwebsockets/build/CMakeFiles/CMakeTmp

Run Build Command:/usr/bin/make "cmTryCompileExec143036032/fast"
/usr/bin/make -f CMakeFiles/cmTryCompileExec143036032.dir/build.make CMakeFiles/cmTryCompileExec143036032.dir/build
make[1]: Entering directory `/home/botho/git/libwebsockets/build/CMakeFiles/CMakeTmp'
/usr/bin/cmake -E cmake_progress_report /home/botho/git/libwebsockets/build/CMakeFiles/CMakeTmp/CMakeFiles 1
Building C object CMakeFiles/cmTryCompileExec143036032.dir/CheckFunctionExists.c.o
/usr/bin/gcc  -DKEYWORD=__inline -DCHECK_FUNCTION_EXISTS=fork   -o CMakeFiles/cmTryCompileExec143036032.dir/CheckFunctionExists.c.o   -c /usr/share/cmake-2.8/Modules/CheckFunctionExists.c
/usr/share/cmake-2.8/Modules/CheckFunctionExists.c:3:6: warning: conflicting types for built-in function ‘fork’ [enabled by default]
Linking C executable cmTryCompileExec143036032
/usr/bin/cmake -E cmake_link_script CMakeFiles/cmTryCompileExec143036032.dir/link.txt --verbose=1
/usr/bin/gcc     -DCHECK_FUNCTION_EXISTS=fork    CMakeFiles/cmTryCompileExec143036032.dir/CheckFunctionExists.c.o  -o cmTryCompileExec143036032 -rdynamic 
make[1]: Leaving directory `/home/botho/git/libwebsockets/build/CMakeFiles/CMakeTmp'


Determining if the function getenv exists passed with the following output:
Change Dir: /home/botho/git/libwebsockets/build/CMakeFiles/CMakeTmp

Run Build Command:/usr/bin/make "cmTryCompileExec2340366911/fast"
/usr/bin/make -f CMakeFiles/cmTryCompileExec2340366911.dir/build.make CMakeFiles/cmTryCompileExec2340366911.dir/build
make[1]: Entering directory `/home/botho/git/libwebsockets/build/CMakeFiles/CMakeTmp'
/usr/bin/cmake -E cmake_progress_report /home/botho/git/libwebsockets/build/CMakeFiles/CMakeTmp/CMakeFiles 1
Building C object CMakeFiles/cmTryCompileExec2340366911.dir/CheckFunctionExists.c.o
/usr/bin/gcc  -DKEYWORD=__inline -DCHECK_FUNCTION_EXISTS=getenv   -o CMakeFiles/cmTryCompileExec2340366911.dir/CheckFunctionExists.c.o   -c /usr/share/cmake-2.8/Modules/CheckFunctionExists.c
Linking C executable cmTryCompileExec2340366911
/usr/bin/cmake -E cmake_link_script CMakeFiles/cmTryCompileExec2340366911.dir/link.txt --verbose=1
/usr/bin/gcc     -DCHECK_FUNCTION_EXISTS=getenv    CMakeFiles/cmTryCompileExec2340366911.dir/CheckFunctionExists.c.o  -o cmTryCompileExec2340366911 -rdynamic 
make[1]: Leaving directory `/home/botho/git/libwebsockets/build/CMakeFiles/CMakeTmp'


Determining if the function malloc exists passed with the following output:
Change Dir: /home/botho/git/libwebsockets/build/CMakeFiles/CMakeTmp

Run Build Command:/usr/bin/make "cmTryCompileExec2625522845/fast"
/usr/bin/make -f CMakeFiles/cmTryCompileExec2625522845.dir/build.make CMakeFiles/cmTryCompileExec2625522845.dir/build
make[1]: Entering directory `/home/botho/git/libwebsockets/build/CMakeFiles/CMakeTmp'
/usr/bin/cmake -E cmake_progress_report /home/botho/git/libwebsockets/build/CMakeFiles/CMakeTmp/CMakeFiles 1
Building C object CMakeFiles/cmTryCompileExec2625522845.dir/CheckFunctionExists.c.o
/usr/bin/gcc  -DKEYWORD=__inline -DCHECK_FUNCTION_EXISTS=malloc   -o CMakeFiles/cmTryCompileExec2625522845.dir/CheckFunctionExists.c.o   -c /usr/share/cmake-2.8/Modules/CheckFunctionExists.c
/usr/share/cmake-2.8/Modules/CheckFunctionExists.c:3:6: warning: conflicting types for built-in function ‘malloc’ [enabled by default]
Linking C executable cmTryCompileExec2625522845
/usr/bin/cmake -E cmake_link_script CMakeFiles/cmTryCompileExec2625522845.dir/link.txt --verbose=1
/usr/bin/gcc     -DCHECK_FUNCTION_EXISTS=malloc    CMakeFiles/cmTryCompileExec2625522845.dir/CheckFunctionExists.c.o  -o cmTryCompileExec2625522845 -rdynamic 
make[1]: Leaving directory `/home/botho/git/libwebsockets/build/CMakeFiles/CMakeTmp'


Determining if the function memset exists passed with the following output:
Change Dir: /home/botho/git/libwebsockets/build/CMakeFiles/CMakeTmp

Run Build Command:/usr/bin/make "cmTryCompileExec235462973/fast"
/usr/bin/make -f CMakeFiles/cmTryCompileExec235462973.dir/build.make CMakeFiles/cmTryCompileExec235462973.dir/build
make[1]: Entering directory `/home/botho/git/libwebsockets/build/CMakeFiles/CMakeTmp'
/usr/bin/cmake -E cmake_progress_report /home/botho/git/libwebsockets/build/CMakeFiles/CMakeTmp/CMakeFiles 1
Building C object CMakeFiles/cmTryCompileExec235462973.dir/CheckFunctionExists.c.o
/usr/bin/gcc  -DKEYWORD=__inline -DCHECK_FUNCTION_EXISTS=memset   -o CMakeFiles/cmTryCompileExec235462973.dir/CheckFunctionExists.c.o   -c /usr/share/cmake-2.8/Modules/CheckFunctionExists.c
/usr/share/cmake-2.8/Modules/CheckFunctionExists.c:3:6: warning: conflicting types for built-in function ‘memset’ [enabled by default]
Linking C executable cmTryCompileExec235462973
/usr/bin/cmake -E cmake_link_script CMakeFiles/cmTryCompileExec235462973.dir/link.txt --verbose=1
/usr/bin/gcc     -DCHECK_FUNCTION_EXISTS=memset    CMakeFiles/cmTryCompileExec235462973.dir/CheckFunctionExists.c.o  -o cmTryCompileExec235462973 -rdynamic 
make[1]: Leaving directory `/home/botho/git/libwebsockets/build/CMakeFiles/CMakeTmp'


Determining if the function realloc exists passed with the following output:
Change Dir: /home/botho/git/libwebsockets/build/CMakeFiles/CMakeTmp

Run Build Command:/usr/bin/make "cmTryCompileExec1362471422/fast"
/usr/bin/make -f CMakeFiles/cmTryCompileExec1362471422.dir/build.make CMakeFiles/cmTryCompileExec1362471422.dir/build
make[1]: Entering directory `/home/botho/git/libwebsockets/build/CMakeFiles/CMakeTmp'
/usr/bin/cmake -E cmake_progress_report /home/botho/git/libwebsockets/build/CMakeFiles/CMakeTmp/CMakeFiles 1
Building C object CMakeFiles/cmTryCompileExec1362471422.dir/CheckFunctionExists.c.o
/usr/bin/gcc  -DKEYWORD=__inline -DCHECK_FUNCTION_EXISTS=realloc   -o CMakeFiles/cmTryCompileExec1362471422.dir/CheckFunctionExists.c.o   -c /usr/share/cmake-2.8/Modules/CheckFunctionExists.c
/usr/share/cmake-2.8/Modules/CheckFunctionExists.c:3:6: warning: conflicting types for built-in function ‘realloc’ [enabled by default]
Linking C executable cmTryCompileExec1362471422
/usr/bin/cmake -E cmake_link_script CMakeFiles/cmTryCompileExec1362471422.dir/link.txt --verbose=1
/usr/bin/gcc     -DCHECK_FUNCTION_EXISTS=realloc    CMakeFiles/cmTryCompileExec1362471422.dir/CheckFunctionExists.c.o  -o cmTryCompileExec1362471422 -rdynamic 
make[1]: Leaving directory `/home/botho/git/libwebsockets/build/CMakeFiles/CMakeTmp'


Determining if the function socket exists passed with the following output:
Change Dir: /home/botho/git/libwebsockets/build/CMakeFiles/CMakeTmp

Run Build Command:/usr/bin/make "cmTryCompileExec3534963179/fast"
/usr/bin/make -f CMakeFiles/cmTryCompileExec3534963179.dir/build.make CMakeFiles/cmTryCompileExec3534963179.dir/build
make[1]: Entering directory `/home/botho/git/libwebsockets/build/CMakeFiles/CMakeTmp'
/usr/bin/cmake -E cmake_progress_report /home/botho/git/libwebsockets/build/CMakeFiles/CMakeTmp/CMakeFiles 1
Building C object CMakeFiles/cmTryCompileExec3534963179.dir/CheckFunctionExists.c.o
/usr/bin/gcc  -DKEYWORD=__inline -DCHECK_FUNCTION_EXISTS=socket   -o CMakeFiles/cmTryCompileExec3534963179.dir/CheckFunctionExists.c.o   -c /usr/share/cmake-2.8/Modules/CheckFunctionExists.c
Linking C executable cmTryCompileExec3534963179
/usr/bin/cmake -E cmake_link_script CMakeFiles/cmTryCompileExec3534963179.dir/link.txt --verbose=1
/usr/bin/gcc     -DCHECK_FUNCTION_EXISTS=socket    CMakeFiles/cmTryCompileExec3534963179.dir/CheckFunctionExists.c.o  -o cmTryCompileExec3534963179 -rdynamic 
make[1]: Leaving directory `/home/botho/git/libwebsockets/build/CMakeFiles/CMakeTmp'


Determining if the function strerror exists passed with the following output:
Change Dir: /home/botho/git/libwebsockets/build/CMakeFiles/CMakeTmp

Run Build Command:/usr/bin/make "cmTryCompileExec4251400805/fast"
/usr/bin/make -f CMakeFiles/cmTryCompileExec4251400805.dir/build.make CMakeFiles/cmTryCompileExec4251400805.dir/build
make[1]: Entering directory `/home/botho/git/libwebsockets/build/CMakeFiles/CMakeTmp'
/usr/bin/cmake -E cmake_progress_report /home/botho/git/libwebsockets/build/CMakeFiles/CMakeTmp/CMakeFiles 1
Building C object CMakeFiles/cmTryCompileExec4251400805.dir/CheckFunctionExists.c.o
/usr/bin/gcc  -DKEYWORD=__inline -DCHECK_FUNCTION_EXISTS=strerror   -o CMakeFiles/cmTryCompileExec4251400805.dir/CheckFunctionExists.c.o   -c /usr/share/cmake-2.8/Modules/CheckFunctionExists.c
Linking C executable cmTryCompileExec4251400805
/usr/bin/cmake -E cmake_link_script CMakeFiles/cmTryCompileExec4251400805.dir/link.txt --verbose=1
/usr/bin/gcc     -DCHECK_FUNCTION_EXISTS=strerror    CMakeFiles/cmTryCompileExec4251400805.dir/CheckFunctionExists.c.o  -o cmTryCompileExec4251400805 -rdynamic 
make[1]: Leaving directory `/home/botho/git/libwebsockets/build/CMakeFiles/CMakeTmp'


Determining if the function vfork exists passed with the following output:
Change Dir: /home/botho/git/libwebsockets/build/CMakeFiles/CMakeTmp

Run Build Command:/usr/bin/make "cmTryCompileExec852545698/fast"
/usr/bin/make -f CMakeFiles/cmTryCompileExec852545698.dir/build.make CMakeFiles/cmTryCompileExec852545698.dir/build
make[1]: Entering directory `/home/botho/git/libwebsockets/build/CMakeFiles/CMakeTmp'
/usr/bin/cmake -E cmake_progress_report /home/botho/git/libwebsockets/build/CMakeFiles/CMakeTmp/CMakeFiles 1
Building C object CMakeFiles/cmTryCompileExec852545698.dir/CheckFunctionExists.c.o
/usr/bin/gcc  -DKEYWORD=__inline -DCHECK_FUNCTION_EXISTS=vfork   -o CMakeFiles/cmTryCompileExec852545698.dir/CheckFunctionExists.c.o   -c /usr/share/cmake-2.8/Modules/CheckFunctionExists.c
Linking C executable cmTryCompileExec852545698
/usr/bin/cmake -E cmake_link_script CMakeFiles/cmTryCompileExec852545698.dir/link.txt --verbose=1
/usr/bin/gcc     -DCHECK_FUNCTION_EXISTS=vfork    CMakeFiles/cmTryCompileExec852545698.dir/CheckFunctionExists.c.o  -o cmTryCompileExec852545698 -rdynamic 
make[1]: Leaving directory `/home/botho/git/libwebsockets/build/CMakeFiles/CMakeTmp'


Determining if the function getifaddrs exists passed with the following output:
Change Dir: /home/botho/git/libwebsockets/build/CMakeFiles/CMakeTmp

Run Build Command:/usr/bin/make "cmTryCompileExec1893660244/fast"
/usr/bin/make -f CMakeFiles/cmTryCompileExec1893660244.dir/build.make CMakeFiles/cmTryCompileExec1893660244.dir/build
make[1]: Entering directory `/home/botho/git/libwebsockets/build/CMakeFiles/CMakeTmp'
/usr/bin/cmake -E cmake_progress_report /home/botho/git/libwebsockets/build/CMakeFiles/CMakeTmp/CMakeFiles 1
Building C object CMakeFiles/cmTryCompileExec1893660244.dir/CheckFunctionExists.c.o
/usr/bin/gcc  -DKEYWORD=__inline -DCHECK_FUNCTION_EXISTS=getifaddrs   -o CMakeFiles/cmTryCompileExec1893660244.dir/CheckFunctionExists.c.o   -c /usr/share/cmake-2.8/Modules/CheckFunctionExists.c
Linking C executable cmTryCompileExec1893660244
/usr/bin/cmake -E cmake_link_script CMakeFiles/cmTryCompileExec1893660244.dir/link.txt --verbose=1
/usr/bin/gcc     -DCHECK_FUNCTION_EXISTS=getifaddrs    CMakeFiles/cmTryCompileExec1893660244.dir/CheckFunctionExists.c.o  -o cmTryCompileExec1893660244 -rdynamic 
make[1]: Leaving directory `/home/botho/git/libwebsockets/build/CMakeFiles/CMakeTmp'


Determining if the include file dlfcn.h exists passed with the following output:
Change Dir: /home/botho/git/libwebsockets/build/CMakeFiles/CMakeTmp

Run Build Command:/usr/bin/make "cmTryCompileExec932977943/fast"
/usr/bin/make -f CMakeFiles/cmTryCompileExec932977943.dir/build.make CMakeFiles/cmTryCompileExec932977943.dir/build
make[1]: Entering directory `/home/botho/git/libwebsockets/build/CMakeFiles/CMakeTmp'
/usr/bin/cmake -E cmake_progress_report /home/botho/git/libwebsockets/build/CMakeFiles/CMakeTmp/CMakeFiles 1
Building C object CMakeFiles/cmTryCompileExec932977943.dir/CheckIncludeFile.c.o
/usr/bin/gcc  -DKEYWORD=__inline  -o CMakeFiles/cmTryCompileExec932977943.dir/CheckIncludeFile.c.o   -c /home/botho/git/libwebsockets/build/CMakeFiles/CMakeTmp/CheckIncludeFile.c
Linking C executable cmTryCompileExec932977943
/usr/bin/cmake -E cmake_link_script CMakeFiles/cmTryCompileExec932977943.dir/link.txt --verbose=1
/usr/bin/gcc         CMakeFiles/cmTryCompileExec932977943.dir/CheckIncludeFile.c.o  -o cmTryCompileExec932977943 -rdynamic 
make[1]: Leaving directory `/home/botho/git/libwebsockets/build/CMakeFiles/CMakeTmp'


Determining if the include file fcntl.h exists passed with the following output:
Change Dir: /home/botho/git/libwebsockets/build/CMakeFiles/CMakeTmp

Run Build Command:/usr/bin/make "cmTryCompileExec2994920971/fast"
/usr/bin/make -f CMakeFiles/cmTryCompileExec2994920971.dir/build.make CMakeFiles/cmTryCompileExec2994920971.dir/build
make[1]: Entering directory `/home/botho/git/libwebsockets/build/CMakeFiles/CMakeTmp'
/usr/bin/cmake -E cmake_progress_report /home/botho/git/libwebsockets/build/CMakeFiles/CMakeTmp/CMakeFiles 1
Building C object CMakeFiles/cmTryCompileExec2994920971.dir/CheckIncludeFile.c.o
/usr/bin/gcc  -DKEYWORD=__inline  -o CMakeFiles/cmTryCompileExec2994920971.dir/CheckIncludeFile.c.o   -c /home/botho/git/libwebsockets/build/CMakeFiles/CMakeTmp/CheckIncludeFile.c
Linking C executable cmTryCompileExec2994920971
/usr/bin/cmake -E cmake_link_script CMakeFiles/cmTryCompileExec2994920971.dir/link.txt --verbose=1
/usr/bin/gcc         CMakeFiles/cmTryCompileExec2994920971.dir/CheckIncludeFile.c.o  -o cmTryCompileExec2994920971 -rdynamic 
make[1]: Leaving directory `/home/botho/git/libwebsockets/build/CMakeFiles/CMakeTmp'


Determining if the include file inttypes.h exists passed with the following output:
Change Dir: /home/botho/git/libwebsockets/build/CMakeFiles/CMakeTmp

Run Build Command:/usr/bin/make "cmTryCompileExec3204430040/fast"
/usr/bin/make -f CMakeFiles/cmTryCompileExec3204430040.dir/build.make CMakeFiles/cmTryCompileExec3204430040.dir/build
make[1]: Entering directory `/home/botho/git/libwebsockets/build/CMakeFiles/CMakeTmp'
/usr/bin/cmake -E cmake_progress_report /home/botho/git/libwebsockets/build/CMakeFiles/CMakeTmp/CMakeFiles 1
Building C object CMakeFiles/cmTryCompileExec3204430040.dir/CheckIncludeFile.c.o
/usr/bin/gcc  -DKEYWORD=__inline  -o CMakeFiles/cmTryCompileExec3204430040.dir/CheckIncludeFile.c.o   -c /home/botho/git/libwebsockets/build/CMakeFiles/CMakeTmp/CheckIncludeFile.c
Linking C executable cmTryCompileExec3204430040
/usr/bin/cmake -E cmake_link_script CMakeFiles/cmTryCompileExec3204430040.dir/link.txt --verbose=1
/usr/bin/gcc         CMakeFiles/cmTryCompileExec3204430040.dir/CheckIncludeFile.c.o  -o cmTryCompileExec3204430040 -rdynamic 
make[1]: Leaving directory `/home/botho/git/libwebsockets/build/CMakeFiles/CMakeTmp'


Determining if the include file memory.h exists passed with the following output:
Change Dir: /home/botho/git/libwebsockets/build/CMakeFiles/CMakeTmp

Run Build Command:/usr/bin/make "cmTryCompileExec4044493731/fast"
/usr/bin/make -f CMakeFiles/cmTryCompileExec4044493731.dir/build.make CMakeFiles/cmTryCompileExec4044493731.dir/build
make[1]: Entering directory `/home/botho/git/libwebsockets/build/CMakeFiles/CMakeTmp'
/usr/bin/cmake -E cmake_progress_report /home/botho/git/libwebsockets/build/CMakeFiles/CMakeTmp/CMakeFiles 1
Building C object CMakeFiles/cmTryCompileExec4044493731.dir/CheckIncludeFile.c.o
/usr/bin/gcc  -DKEYWORD=__inline  -o CMakeFiles/cmTryCompileExec4044493731.dir/CheckIncludeFile.c.o   -c /home/botho/git/libwebsockets/build/CMakeFiles/CMakeTmp/CheckIncludeFile.c
Linking C executable cmTryCompileExec4044493731
/usr/bin/cmake -E cmake_link_script CMakeFiles/cmTryCompileExec4044493731.dir/link.txt --verbose=1
/usr/bin/gcc         CMakeFiles/cmTryCompileExec4044493731.dir/CheckIncludeFile.c.o  -o cmTryCompileExec4044493731 -rdynamic 
make[1]: Leaving directory `/home/botho/git/libwebsockets/build/CMakeFiles/CMakeTmp'


Determining if the include file netinet/in.h exists passed with the following output:
Change Dir: /home/botho/git/libwebsockets/build/CMakeFiles/CMakeTmp

Run Build Command:/usr/bin/make "cmTryCompileExec3027646006/fast"
/usr/bin/make -f CMakeFiles/cmTryCompileExec3027646006.dir/build.make CMakeFiles/cmTryCompileExec3027646006.dir/build
make[1]: Entering directory `/home/botho/git/libwebsockets/build/CMakeFiles/CMakeTmp'
/usr/bin/cmake -E cmake_progress_report /home/botho/git/libwebsockets/build/CMakeFiles/CMakeTmp/CMakeFiles 1
Building C object CMakeFiles/cmTryCompileExec3027646006.dir/CheckIncludeFile.c.o
/usr/bin/gcc  -DKEYWORD=__inline  -o CMakeFiles/cmTryCompileExec3027646006.dir/CheckIncludeFile.c.o   -c /home/botho/git/libwebsockets/build/CMakeFiles/CMakeTmp/CheckIncludeFile.c
Linking C executable cmTryCompileExec3027646006
/usr/bin/cmake -E cmake_link_script CMakeFiles/cmTryCompileExec3027646006.dir/link.txt --verbose=1
/usr/bin/gcc         CMakeFiles/cmTryCompileExec3027646006.dir/CheckIncludeFile.c.o  -o cmTryCompileExec3027646006 -rdynamic 
make[1]: Leaving directory `/home/botho/git/libwebsockets/build/CMakeFiles/CMakeTmp'


Determining if the include file stdint.h exists passed with the following output:
Change Dir: /home/botho/git/libwebsockets/build/CMakeFiles/CMakeTmp

Run Build Command:/usr/bin/make "cmTryCompileExec3077684924/fast"
/usr/bin/make -f CMakeFiles/cmTryCompileExec3077684924.dir/build.make CMakeFiles/cmTryCompileExec3077684924.dir/build
make[1]: Entering directory `/home/botho/git/libwebsockets/build/CMakeFiles/CMakeTmp'
/usr/bin/cmake -E cmake_progress_report /home/botho/git/libwebsockets/build/CMakeFiles/CMakeTmp/CMakeFiles 1
Building C object CMakeFiles/cmTryCompileExec3077684924.dir/CheckIncludeFile.c.o
/usr/bin/gcc  -DKEYWORD=__inline  -o CMakeFiles/cmTryCompileExec3077684924.dir/CheckIncludeFile.c.o   -c /home/botho/git/libwebsockets/build/CMakeFiles/CMakeTmp/CheckIncludeFile.c
Linking C executable cmTryCompileExec3077684924
/usr/bin/cmake -E cmake_link_script CMakeFiles/cmTryCompileExec3077684924.dir/link.txt --verbose=1
/usr/bin/gcc         CMakeFiles/cmTryCompileExec3077684924.dir/CheckIncludeFile.c.o  -o cmTryCompileExec3077684924 -rdynamic 
make[1]: Leaving directory `/home/botho/git/libwebsockets/build/CMakeFiles/CMakeTmp'


Determining if the include file stdlib.h exists passed with the following output:
Change Dir: /home/botho/git/libwebsockets/build/CMakeFiles/CMakeTmp

Run Build Command:/usr/bin/make "cmTryCompileExec3982482700/fast"
/usr/bin/make -f CMakeFiles/cmTryCompileExec3982482700.dir/build.make CMakeFiles/cmTryCompileExec3982482700.dir/build
make[1]: Entering directory `/home/botho/git/libwebsockets/build/CMakeFiles/CMakeTmp'
/usr/bin/cmake -E cmake_progress_report /home/botho/git/libwebsockets/build/CMakeFiles/CMakeTmp/CMakeFiles 1
Building C object CMakeFiles/cmTryCompileExec3982482700.dir/CheckIncludeFile.c.o
/usr/bin/gcc  -DKEYWORD=__inline  -o CMakeFiles/cmTryCompileExec3982482700.dir/CheckIncludeFile.c.o   -c /home/botho/git/libwebsockets/build/CMakeFiles/CMakeTmp/CheckIncludeFile.c
Linking C executable cmTryCompileExec3982482700
/usr/bin/cmake -E cmake_link_script CMakeFiles/cmTryCompileExec3982482700.dir/link.txt --verbose=1
/usr/bin/gcc         CMakeFiles/cmTryCompileExec3982482700.dir/CheckIncludeFile.c.o  -o cmTryCompileExec3982482700 -rdynamic 
make[1]: Leaving directory `/home/botho/git/libwebsockets/build/CMakeFiles/CMakeTmp'


Determining if the include file strings.h exists passed with the following output:
Change Dir: /home/botho/git/libwebsockets/build/CMakeFiles/CMakeTmp

Run Build Command:/usr/bin/make "cmTryCompileExec2038851364/fast"
/usr/bin/make -f CMakeFiles/cmTryCompileExec2038851364.dir/build.make CMakeFiles/cmTryCompileExec2038851364.dir/build
make[1]: Entering directory `/home/botho/git/libwebsockets/build/CMakeFiles/CMakeTmp'
/usr/bin/cmake -E cmake_progress_report /home/botho/git/libwebsockets/build/CMakeFiles/CMakeTmp/CMakeFiles 1
Building C object CMakeFiles/cmTryCompileExec2038851364.dir/CheckIncludeFile.c.o
/usr/bin/gcc  -DKEYWORD=__inline  -o CMakeFiles/cmTryCompileExec2038851364.dir/CheckIncludeFile.c.o   -c /home/botho/git/libwebsockets/build/CMakeFiles/CMakeTmp/CheckIncludeFile.c
Linking C executable cmTryCompileExec2038851364
/usr/bin/cmake -E cmake_link_script CMakeFiles/cmTryCompileExec2038851364.dir/link.txt --verbose=1
/usr/bin/gcc         CMakeFiles/cmTryCompileExec2038851364.dir/CheckIncludeFile.c.o  -o cmTryCompileExec2038851364 -rdynamic 
make[1]: Leaving directory `/home/botho/git/libwebsockets/build/CMakeFiles/CMakeTmp'


Determining if the include file string.h exists passed with the following output:
Change Dir: /home/botho/git/libwebsockets/build/CMakeFiles/CMakeTmp

Run Build Command:/usr/bin/make "cmTryCompileExec4070237220/fast"
/usr/bin/make -f CMakeFiles/cmTryCompileExec4070237220.dir/build.make CMakeFiles/cmTryCompileExec4070237220.dir/build
make[1]: Entering directory `/home/botho/git/libwebsockets/build/CMakeFiles/CMakeTmp'
/usr/bin/cmake -E cmake_progress_report /home/botho/git/libwebsockets/build/CMakeFiles/CMakeTmp/CMakeFiles 1
Building C object CMakeFiles/cmTryCompileExec4070237220.dir/CheckIncludeFile.c.o
/usr/bin/gcc  -DKEYWORD=__inline  -o CMakeFiles/cmTryCompileExec4070237220.dir/CheckIncludeFile.c.o   -c /home/botho/git/libwebsockets/build/CMakeFiles/CMakeTmp/CheckIncludeFile.c
Linking C executable cmTryCompileExec4070237220
/usr/bin/cmake -E cmake_link_script CMakeFiles/cmTryCompileExec4070237220.dir/link.txt --verbose=1
/usr/bin/gcc         CMakeFiles/cmTryCompileExec4070237220.dir/CheckIncludeFile.c.o  -o cmTryCompileExec4070237220 -rdynamic 
make[1]: Leaving directory `/home/botho/git/libwebsockets/build/CMakeFiles/CMakeTmp'


Determining if the include file sys/prctl.h exists passed with the following output:
Change Dir: /home/botho/git/libwebsockets/build/CMakeFiles/CMakeTmp

Run Build Command:/usr/bin/make "cmTryCompileExec2928619860/fast"
/usr/bin/make -f CMakeFiles/cmTryCompileExec2928619860.dir/build.make CMakeFiles/cmTryCompileExec2928619860.dir/build
make[1]: Entering directory `/home/botho/git/libwebsockets/build/CMakeFiles/CMakeTmp'
/usr/bin/cmake -E cmake_progress_report /home/botho/git/libwebsockets/build/CMakeFiles/CMakeTmp/CMakeFiles 1
Building C object CMakeFiles/cmTryCompileExec2928619860.dir/CheckIncludeFile.c.o
/usr/bin/gcc  -DKEYWORD=__inline  -o CMakeFiles/cmTryCompileExec2928619860.dir/CheckIncludeFile.c.o   -c /home/botho/git/libwebsockets/build/CMakeFiles/CMakeTmp/CheckIncludeFile.c
Linking C executable cmTryCompileExec2928619860
/usr/bin/cmake -E cmake_link_script CMakeFiles/cmTryCompileExec2928619860.dir/link.txt --verbose=1
/usr/bin/gcc         CMakeFiles/cmTryCompileExec2928619860.dir/CheckIncludeFile.c.o  -o cmTryCompileExec2928619860 -rdynamic 
make[1]: Leaving directory `/home/botho/git/libwebsockets/build/CMakeFiles/CMakeTmp'


Determining if the include file sys/socket.h exists passed with the following output:
Change Dir: /home/botho/git/libwebsockets/build/CMakeFiles/CMakeTmp

Run Build Command:/usr/bin/make "cmTryCompileExec402792423/fast"
/usr/bin/make -f CMakeFiles/cmTryCompileExec402792423.dir/build.make CMakeFiles/cmTryCompileExec402792423.dir/build
make[1]: Entering directory `/home/botho/git/libwebsockets/build/CMakeFiles/CMakeTmp'
/usr/bin/cmake -E cmake_progress_report /home/botho/git/libwebsockets/build/CMakeFiles/CMakeTmp/CMakeFiles 1
Building C object CMakeFiles/cmTryCompileExec402792423.dir/CheckIncludeFile.c.o
/usr/bin/gcc  -DKEYWORD=__inline  -o CMakeFiles/cmTryCompileExec402792423.dir/CheckIncludeFile.c.o   -c /home/botho/git/libwebsockets/build/CMakeFiles/CMakeTmp/CheckIncludeFile.c
Linking C executable cmTryCompileExec402792423
/usr/bin/cmake -E cmake_link_script CMakeFiles/cmTryCompileExec402792423.dir/link.txt --verbose=1
/usr/bin/gcc         CMakeFiles/cmTryCompileExec402792423.dir/CheckIncludeFile.c.o  -o cmTryCompileExec402792423 -rdynamic 
make[1]: Leaving directory `/home/botho/git/libwebsockets/build/CMakeFiles/CMakeTmp'


Determining if the include file sys/stat.h exists passed with the following output:
Change Dir: /home/botho/git/libwebsockets/build/CMakeFiles/CMakeTmp

Run Build Command:/usr/bin/make "cmTryCompileExec1889147871/fast"
/usr/bin/make -f CMakeFiles/cmTryCompileExec1889147871.dir/build.make CMakeFiles/cmTryCompileExec1889147871.dir/build
make[1]: Entering directory `/home/botho/git/libwebsockets/build/CMakeFiles/CMakeTmp'
/usr/bin/cmake -E cmake_progress_report /home/botho/git/libwebsockets/build/CMakeFiles/CMakeTmp/CMakeFiles 1
Building C object CMakeFiles/cmTryCompileExec1889147871.dir/CheckIncludeFile.c.o
/usr/bin/gcc  -DKEYWORD=__inline  -o CMakeFiles/cmTryCompileExec1889147871.dir/CheckIncludeFile.c.o   -c /home/botho/git/libwebsockets/build/CMakeFiles/CMakeTmp/CheckIncludeFile.c
Linking C executable cmTryCompileExec1889147871
/usr/bin/cmake -E cmake_link_script CMakeFiles/cmTryCompileExec1889147871.dir/link.txt --verbose=1
/usr/bin/gcc         CMakeFiles/cmTryCompileExec1889147871.dir/CheckIncludeFile.c.o  -o cmTryCompileExec1889147871 -rdynamic 
make[1]: Leaving directory `/home/botho/git/libwebsockets/build/CMakeFiles/CMakeTmp'


Determining if the include file sys/types.h exists passed with the following output:
Change Dir: /home/botho/git/libwebsockets/build/CMakeFiles/CMakeTmp

Run Build Command:/usr/bin/make "cmTryCompileExec2098449733/fast"
/usr/bin/make -f CMakeFiles/cmTryCompileExec2098449733.dir/build.make CMakeFiles/cmTryCompileExec2098449733.dir/build
make[1]: Entering directory `/home/botho/git/libwebsockets/build/CMakeFiles/CMakeTmp'
/usr/bin/cmake -E cmake_progress_report /home/botho/git/libwebsockets/build/CMakeFiles/CMakeTmp/CMakeFiles 1
Building C object CMakeFiles/cmTryCompileExec2098449733.dir/CheckIncludeFile.c.o
/usr/bin/gcc  -DKEYWORD=__inline  -o CMakeFiles/cmTryCompileExec2098449733.dir/CheckIncludeFile.c.o   -c /home/botho/git/libwebsockets/build/CMakeFiles/CMakeTmp/CheckIncludeFile.c
Linking C executable cmTryCompileExec2098449733
/usr/bin/cmake -E cmake_link_script CMakeFiles/cmTryCompileExec2098449733.dir/link.txt --verbose=1
/usr/bin/gcc         CMakeFiles/cmTryCompileExec2098449733.dir/CheckIncludeFile.c.o  -o cmTryCompileExec2098449733 -rdynamic 
make[1]: Leaving directory `/home/botho/git/libwebsockets/build/CMakeFiles/CMakeTmp'


Determining if the include file unistd.h exists passed with the following output:
Change Dir: /home/botho/git/libwebsockets/build/CMakeFiles/CMakeTmp

Run Build Command:/usr/bin/make "cmTryCompileExec41923540/fast"
/usr/bin/make -f CMakeFiles/cmTryCompileExec41923540.dir/build.make CMakeFiles/cmTryCompileExec41923540.dir/build
make[1]: Entering directory `/home/botho/git/libwebsockets/build/CMakeFiles/CMakeTmp'
/usr/bin/cmake -E cmake_progress_report /home/botho/git/libwebsockets/build/CMakeFiles/CMakeTmp/CMakeFiles 1
Building C object CMakeFiles/cmTryCompileExec41923540.dir/CheckIncludeFile.c.o
/usr/bin/gcc  -DKEYWORD=__inline  -o CMakeFiles/cmTryCompileExec41923540.dir/CheckIncludeFile.c.o   -c /home/botho/git/libwebsockets/build/CMakeFiles/CMakeTmp/CheckIncludeFile.c
Linking C executable cmTryCompileExec41923540
/usr/bin/cmake -E cmake_link_script CMakeFiles/cmTryCompileExec41923540.dir/link.txt --verbose=1
/usr/bin/gcc         CMakeFiles/cmTryCompileExec41923540.dir/CheckIncludeFile.c.o  -o cmTryCompileExec41923540 -rdynamic 
make[1]: Leaving directory `/home/botho/git/libwebsockets/build/CMakeFiles/CMakeTmp'


Determining if the include file zlib.h exists passed with the following output:
Change Dir: /home/botho/git/libwebsockets/build/CMakeFiles/CMakeTmp

Run Build Command:/usr/bin/make "cmTryCompileExec3906012193/fast"
/usr/bin/make -f CMakeFiles/cmTryCompileExec3906012193.dir/build.make CMakeFiles/cmTryCompileExec3906012193.dir/build
make[1]: Entering directory `/home/botho/git/libwebsockets/build/CMakeFiles/CMakeTmp'
/usr/bin/cmake -E cmake_progress_report /home/botho/git/libwebsockets/build/CMakeFiles/CMakeTmp/CMakeFiles 1
Building C object CMakeFiles/cmTryCompileExec3906012193.dir/CheckIncludeFile.c.o
/usr/bin/gcc  -DKEYWORD=__inline  -o CMakeFiles/cmTryCompileExec3906012193.dir/CheckIncludeFile.c.o   -c /home/botho/git/libwebsockets/build/CMakeFiles/CMakeTmp/CheckIncludeFile.c
Linking C executable cmTryCompileExec3906012193
/usr/bin/cmake -E cmake_link_script CMakeFiles/cmTryCompileExec3906012193.dir/link.txt --verbose=1
/usr/bin/gcc         CMakeFiles/cmTryCompileExec3906012193.dir/CheckIncludeFile.c.o  -o cmTryCompileExec3906012193 -rdynamic 
make[1]: Leaving directory `/home/botho/git/libwebsockets/build/CMakeFiles/CMakeTmp'


Determining if files stdlib.h;stdarg.h;string.h;float.h exist passed with the following output:
Change Dir: /home/botho/git/libwebsockets/build/CMakeFiles/CMakeTmp

Run Build Command:/usr/bin/make "cmTryCompileExec2553747396/fast"
/usr/bin/make -f CMakeFiles/cmTryCompileExec2553747396.dir/build.make CMakeFiles/cmTryCompileExec2553747396.dir/build
make[1]: Entering directory `/home/botho/git/libwebsockets/build/CMakeFiles/CMakeTmp'
/usr/bin/cmake -E cmake_progress_report /home/botho/git/libwebsockets/build/CMakeFiles/CMakeTmp/CMakeFiles 1
Building C object CMakeFiles/cmTryCompileExec2553747396.dir/CheckIncludeFiles.c.o
/usr/bin/gcc  -DKEYWORD=__inline  -o CMakeFiles/cmTryCompileExec2553747396.dir/CheckIncludeFiles.c.o   -c /home/botho/git/libwebsockets/build/CMakeFiles/CMakeTmp/CheckIncludeFiles.c
Linking C executable cmTryCompileExec2553747396
/usr/bin/cmake -E cmake_link_script CMakeFiles/cmTryCompileExec2553747396.dir/link.txt --verbose=1
/usr/bin/gcc         CMakeFiles/cmTryCompileExec2553747396.dir/CheckIncludeFiles.c.o  -o cmTryCompileExec2553747396 -rdynamic 
make[1]: Leaving directory `/home/botho/git/libwebsockets/build/CMakeFiles/CMakeTmp'


Determining if the include file stddef.h exists passed with the following output:
Change Dir: /home/botho/git/libwebsockets/build/CMakeFiles/CMakeTmp

Run Build Command:/usr/bin/make "cmTryCompileExec3849677697/fast"
/usr/bin/make -f CMakeFiles/cmTryCompileExec3849677697.dir/build.make CMakeFiles/cmTryCompileExec3849677697.dir/build
make[1]: Entering directory `/home/botho/git/libwebsockets/build/CMakeFiles/CMakeTmp'
/usr/bin/cmake -E cmake_progress_report /home/botho/git/libwebsockets/build/CMakeFiles/CMakeTmp/CMakeFiles 1
Building C object CMakeFiles/cmTryCompileExec3849677697.dir/CheckIncludeFile.c.o
/usr/bin/gcc  -DKEYWORD=__inline  -o CMakeFiles/cmTryCompileExec3849677697.dir/CheckIncludeFile.c.o   -c /home/botho/git/libwebsockets/build/CMakeFiles/CMakeTmp/CheckIncludeFile.c
Linking C executable cmTryCompileExec3849677697
/usr/bin/cmake -E cmake_link_script CMakeFiles/cmTryCompileExec3849677697.dir/link.txt --verbose=1
/usr/bin/gcc         CMakeFiles/cmTryCompileExec3849677697.dir/CheckIncludeFile.c.o  -o cmTryCompileExec3849677697 -rdynamic 
make[1]: Leaving directory `/home/botho/git/libwebsockets/build/CMakeFiles/CMakeTmp'


Determining size of pid_t passed with the following output:
Change Dir: /home/botho/git/libwebsockets/build/CMakeFiles/CMakeTmp

Run Build Command:/usr/bin/make "cmTryCompileExec1609763017/fast"
/usr/bin/make -f CMakeFiles/cmTryCompileExec1609763017.dir/build.make CMakeFiles/cmTryCompileExec1609763017.dir/build
make[1]: Entering directory `/home/botho/git/libwebsockets/build/CMakeFiles/CMakeTmp'
/usr/bin/cmake -E cmake_progress_report /home/botho/git/libwebsockets/build/CMakeFiles/CMakeTmp/CMakeFiles 1
Building C object CMakeFiles/cmTryCompileExec1609763017.dir/PID_T_SIZE.c.o
/usr/bin/gcc  -DKEYWORD=__inline  -o CMakeFiles/cmTryCompileExec1609763017.dir/PID_T_SIZE.c.o   -c /home/botho/git/libwebsockets/build/CMakeFiles/CheckTypeSize/PID_T_SIZE.c
Linking C executable cmTryCompileExec1609763017
/usr/bin/cmake -E cmake_link_script CMakeFiles/cmTryCompileExec1609763017.dir/link.txt --verbose=1
/usr/bin/gcc         CMakeFiles/cmTryCompileExec1609763017.dir/PID_T_SIZE.c.o  -o cmTryCompileExec1609763017 -rdynamic 
make[1]: Leaving directory `/home/botho/git/libwebsockets/build/CMakeFiles/CMakeTmp'


Determining size of size_t passed with the following output:
Change Dir: /home/botho/git/libwebsockets/build/CMakeFiles/CMakeTmp

Run Build Command:/usr/bin/make "cmTryCompileExec4060327268/fast"
/usr/bin/make -f CMakeFiles/cmTryCompileExec4060327268.dir/build.make CMakeFiles/cmTryCompileExec4060327268.dir/build
make[1]: Entering directory `/home/botho/git/libwebsockets/build/CMakeFiles/CMakeTmp'
/usr/bin/cmake -E cmake_progress_report /home/botho/git/libwebsockets/build/CMakeFiles/CMakeTmp/CMakeFiles 1
Building C object CMakeFiles/cmTryCompileExec4060327268.dir/SIZE_T_SIZE.c.o
/usr/bin/gcc  -DKEYWORD=__inline  -o CMakeFiles/cmTryCompileExec4060327268.dir/SIZE_T_SIZE.c.o   -c /home/botho/git/libwebsockets/build/CMakeFiles/CheckTypeSize/SIZE_T_SIZE.c
Linking C executable cmTryCompileExec4060327268
/usr/bin/cmake -E cmake_link_script CMakeFiles/cmTryCompileExec4060327268.dir/link.txt --verbose=1
/usr/bin/gcc         CMakeFiles/cmTryCompileExec4060327268.dir/SIZE_T_SIZE.c.o  -o cmTryCompileExec4060327268 -rdynamic 
make[1]: Leaving directory `/home/botho/git/libwebsockets/build/CMakeFiles/CMakeTmp'


Performing C SOURCE FILE Test HAVE_VISIBILITY succeded with the following output:
Change Dir: /home/botho/git/libwebsockets/build/CMakeFiles/CMakeTmp

Run Build Command:/usr/bin/make "cmTryCompileExec8975724/fast"
/usr/bin/make -f CMakeFiles/cmTryCompileExec8975724.dir/build.make CMakeFiles/cmTryCompileExec8975724.dir/build
make[1]: Entering directory `/home/botho/git/libwebsockets/build/CMakeFiles/CMakeTmp'
/usr/bin/cmake -E cmake_progress_report /home/botho/git/libwebsockets/build/CMakeFiles/CMakeTmp/CMakeFiles 1
Building C object CMakeFiles/cmTryCompileExec8975724.dir/src.c.o
/usr/bin/gcc   -DHAVE_VISIBILITY   -fvisibility=hidden -o CMakeFiles/cmTryCompileExec8975724.dir/src.c.o   -c /home/botho/git/libwebsockets/build/CMakeFiles/CMakeTmp/src.c
Linking C executable cmTryCompileExec8975724
/usr/bin/cmake -E cmake_link_script CMakeFiles/cmTryCompileExec8975724.dir/link.txt --verbose=1
/usr/bin/gcc     -DHAVE_VISIBILITY    CMakeFiles/cmTryCompileExec8975724.dir/src.c.o  -o cmTryCompileExec8975724 -rdynamic 
make[1]: Leaving directory `/home/botho/git/libwebsockets/build/CMakeFiles/CMakeTmp'

Source file was:
int main(void) { return 0; }
